<?xml version="1.0" encoding="UTF-8"?>
<!-- Generated by org.testng.reporters.JUnitXMLReporter -->
<testsuite hostname="7OYUE0XO9WRHOLL" ignored="0" name="Test" tests="3" failures="0" timestamp="15 十月 2018 08:44:01 GMT" time="0.059" errors="0">
  <testcase name="test1" time="0.006" classname="com.lh.practice.testng.report.testNG"/>
  <testcase name="test2" time="0.002" classname="com.lh.practice.testng.report.testNG"/>
  <testcase name="test3" time="0.002" classname="com.lh.practice.testng.report.testNG"/>
</testsuite> <!-- Test -->
