<?xml version="1.0" encoding="UTF-8"?>
<!-- Generated by org.testng.reporters.JUnitXMLReporter -->
<testsuite hostname="DESKTOP-990NT2Q" name="Default test" tests="4" failures="0" timestamp="7 Oct 2018 15:16:08 GMT" time="0.021" errors="0">
  <testcase name="test1" time="0.004" classname="com.lh.practice.testng.groups"/>
  <testcase name="test2" time="0.001" classname="com.lh.practice.testng.groups"/>
  <testcase name="test3" time="0.0" classname="com.lh.practice.testng.groups"/>
  <testcase name="test4" time="0.001" classname="com.lh.practice.testng.groups"/>
</testsuite> <!-- Default test -->
