<?xml version="1.0" encoding="UTF-8"?>
<!-- Generated by org.testng.reporters.JUnitXMLReporter -->
<testsuite hostname="7OYUE0XO9WRHOLL" ignored="0" name="Test" tests="4" failures="1" timestamp="15 十月 2018 09:02:08 GMT" time="0.065" errors="0">
  <testcase name="test1" time="0.006" classname="com.lh.practice.testng.report.testNG"/>
  <testcase name="test2" time="0.004" classname="com.lh.practice.testng.report.testNG"/>
  <testcase name="test3" time="0.003" classname="com.lh.practice.testng.report.testNG"/>
  <testcase name="test4" time="0.007" classname="com.lh.practice.testng.report.testNG">
    <failure type="java.lang.AssertionError" message="expected [b] but found [a]">
      <![CDATA[java.lang.AssertionError: expected [b] but found [a]
at com.lh.practice.testng.report.testNG.test4(testNG.java:49)
... Removed 31 stack frames]]>
    </failure>
  </testcase> <!-- test4 -->
</testsuite> <!-- Test -->
