<?xml version="1.0" encoding="UTF-8"?>
<testng-results skipped="0" failed="0" total="1" passed="1">
  <reporter-output>
  </reporter-output>
  <suite name="Default suite" duration-ms="6905" started-at="2018-10-07T04:18:50Z" finished-at="2018-10-07T04:18:57Z">
    <groups>
    </groups>
    <test name="Default test" duration-ms="6905" started-at="2018-10-07T04:18:50Z" finished-at="2018-10-07T04:18:57Z">
      <class name="com.zkr.lh.testScript.testFqz">
        <test-method status="PASS" signature="reday()[pri:0, instance:com.zkr.lh.testScript.testFqz@685cb137]" name="reday" is-config="true" duration-ms="6310" started-at="2018-10-07T12:18:50Z" finished-at="2018-10-07T12:18:57Z">
          <reporter-output>
          </reporter-output>
        </test-method> <!-- reday -->
        <test-method status="PASS" signature="redayClass()[pri:0, instance:com.zkr.lh.testScript.testFqz@685cb137]" name="redayClass" is-config="true" duration-ms="9" started-at="2018-10-07T12:18:57Z" finished-at="2018-10-07T12:18:57Z">
          <reporter-output>
          </reporter-output>
        </test-method> <!-- redayClass -->
        <test-method status="PASS" signature="loginTest()[pri:0, instance:com.zkr.lh.testScript.testFqz@685cb137]" name="loginTest" duration-ms="577" started-at="2018-10-07T12:18:57Z" finished-at="2018-10-07T12:18:57Z">
          <reporter-output>
          </reporter-output>
        </test-method> <!-- loginTest -->
      </class> <!-- com.zkr.lh.testScript.testFqz -->
    </test> <!-- Default test -->
  </suite> <!-- Default suite -->
</testng-results>
